<?xml version="1.0" encoding="UTF-8"?>
<!-- Generated by org.testng.reporters.JUnitXMLReporter -->
<testsuite hostname="EXIMR-IM-737" name="Default test" tests="4" failures="0" timestamp="28 Aug 2019 06:07:16 GMT" time="46.206" errors="0">
  <testcase name="loginToAppTest" time="9.824" classname="com.lma.testScriptsPages.LoginPageTest"/>
  <testcase name="loginToAppTest" time="9.703" classname="com.lma.testScriptsPages.LoginPageTest"/>
  <testcase name="loginToAppTest" time="9.882" classname="com.lma.testScriptsPages.LoginPageTest"/>
  <testcase name="verifyPageTitleTest" time="0.005" classname="com.lma.testScriptsPages.LoginPageTest"/>
</testsuite> <!-- Default test -->
