<?xml version="1.0" encoding="UTF-8"?>
<testng-results skipped="0" failed="0" total="4" passed="4">
  <reporter-output>
  </reporter-output>
  <suite name="Default suite" duration-ms="46206" started-at="2019-08-28T06:05:59Z" finished-at="2019-08-28T06:06:46Z">
    <groups>
    </groups>
    <test name="Default test" duration-ms="46206" started-at="2019-08-28T06:05:59Z" finished-at="2019-08-28T06:06:46Z">
      <class name="com.lma.testScriptsPages.LoginPageTest">
        <test-method status="PASS" signature="setUp()[pri:0, instance:com.lma.testScriptsPages.LoginPageTest@5cc7c2a6]" name="setUp" is-config="true" duration-ms="4510" started-at="2019-08-28T11:36:00Z" finished-at="2019-08-28T11:36:04Z">
          <reporter-output>
          </reporter-output>
        </test-method> <!-- setUp -->
        <test-method status="PASS" signature="loginToAppTest(java.lang.String, java.lang.String)[pri:0, instance:com.lma.testScriptsPages.LoginPageTest@5cc7c2a6]" name="loginToAppTest" duration-ms="9824" started-at="2019-08-28T11:36:04Z" data-provider="getLoginPageTestData" finished-at="2019-08-28T11:36:14Z">
          <params>
            <param index="0">
              <value>
                <![CDATA[9916410879]]>
              </value>
            </param>
            <param index="1">
              <value>
                <![CDATA[SantosH@2020]]>
              </value>
            </param>
          </params>
          <reporter-output>
          </reporter-output>
        </test-method> <!-- loginToAppTest -->
        <test-method status="PASS" signature="teardown()[pri:0, instance:com.lma.testScriptsPages.LoginPageTest@5cc7c2a6]" name="teardown" is-config="true" duration-ms="161" started-at="2019-08-28T11:36:14Z" finished-at="2019-08-28T11:36:14Z">
          <reporter-output>
          </reporter-output>
        </test-method> <!-- teardown -->
        <test-method status="PASS" signature="setUp()[pri:0, instance:com.lma.testScriptsPages.LoginPageTest@5cc7c2a6]" name="setUp" is-config="true" duration-ms="3819" started-at="2019-08-28T11:36:14Z" finished-at="2019-08-28T11:36:18Z">
          <reporter-output>
          </reporter-output>
        </test-method> <!-- setUp -->
        <test-method status="PASS" signature="loginToAppTest(java.lang.String, java.lang.String)[pri:0, instance:com.lma.testScriptsPages.LoginPageTest@5cc7c2a6]" name="loginToAppTest" duration-ms="9703" started-at="2019-08-28T11:36:18Z" data-provider="getLoginPageTestData" finished-at="2019-08-28T11:36:28Z">
          <params>
            <param index="0">
              <value>
                <![CDATA[9916410879]]>
              </value>
            </param>
            <param index="1">
              <value>
                <![CDATA[SantosH@2020]]>
              </value>
            </param>
          </params>
          <reporter-output>
          </reporter-output>
        </test-method> <!-- loginToAppTest -->
        <test-method status="PASS" signature="teardown()[pri:0, instance:com.lma.testScriptsPages.LoginPageTest@5cc7c2a6]" name="teardown" is-config="true" duration-ms="189" started-at="2019-08-28T11:36:28Z" finished-at="2019-08-28T11:36:28Z">
          <reporter-output>
          </reporter-output>
        </test-method> <!-- teardown -->
        <test-method status="PASS" signature="setUp()[pri:0, instance:com.lma.testScriptsPages.LoginPageTest@5cc7c2a6]" name="setUp" is-config="true" duration-ms="3813" started-at="2019-08-28T11:36:28Z" finished-at="2019-08-28T11:36:32Z">
          <reporter-output>
          </reporter-output>
        </test-method> <!-- setUp -->
        <test-method status="PASS" signature="loginToAppTest(java.lang.String, java.lang.String)[pri:0, instance:com.lma.testScriptsPages.LoginPageTest@5cc7c2a6]" name="loginToAppTest" duration-ms="9882" started-at="2019-08-28T11:36:32Z" data-provider="getLoginPageTestData" finished-at="2019-08-28T11:36:41Z">
          <params>
            <param index="0">
              <value>
                <![CDATA[9916410879]]>
              </value>
            </param>
            <param index="1">
              <value>
                <![CDATA[SantosH@2020]]>
              </value>
            </param>
          </params>
          <reporter-output>
          </reporter-output>
        </test-method> <!-- loginToAppTest -->
        <test-method status="PASS" signature="teardown()[pri:0, instance:com.lma.testScriptsPages.LoginPageTest@5cc7c2a6]" name="teardown" is-config="true" duration-ms="103" started-at="2019-08-28T11:36:41Z" finished-at="2019-08-28T11:36:42Z">
          <reporter-output>
          </reporter-output>
        </test-method> <!-- teardown -->
        <test-method status="PASS" signature="setUp()[pri:0, instance:com.lma.testScriptsPages.LoginPageTest@5cc7c2a6]" name="setUp" is-config="true" duration-ms="3841" started-at="2019-08-28T11:36:42Z" finished-at="2019-08-28T11:36:45Z">
          <reporter-output>
          </reporter-output>
        </test-method> <!-- setUp -->
        <test-method status="PASS" signature="verifyPageTitleTest()[pri:0, instance:com.lma.testScriptsPages.LoginPageTest@5cc7c2a6]" name="verifyPageTitleTest" duration-ms="5" started-at="2019-08-28T11:36:45Z" depends-on-methods="com.lma.testScriptsPages.LoginPageTest.loginToAppTest" finished-at="2019-08-28T11:36:45Z">
          <reporter-output>
          </reporter-output>
        </test-method> <!-- verifyPageTitleTest -->
        <test-method status="PASS" signature="teardown()[pri:0, instance:com.lma.testScriptsPages.LoginPageTest@5cc7c2a6]" name="teardown" is-config="true" duration-ms="152" started-at="2019-08-28T11:36:45Z" finished-at="2019-08-28T11:36:46Z">
          <reporter-output>
          </reporter-output>
        </test-method> <!-- teardown -->
      </class> <!-- com.lma.testScriptsPages.LoginPageTest -->
    </test> <!-- Default test -->
  </suite> <!-- Default suite -->
</testng-results>
