<?xml version="1.0" encoding="UTF-8"?>
<!-- Generated by org.testng.reporters.JUnitXMLReporter -->
<testsuite hostname="EXIMR-IM-737" name="Flipkart App Test cases" tests="3" failures="0" timestamp="8 Jul 2019 13:39:47 GMT" time="31.519" errors="0">
  <testcase name="logOutAppTest" time="8.519" classname="com.lma.testScriptsPages.LogOutPageTest"/>
  <testcase name="loginToAppTest" time="1.781" classname="com.lma.testScriptsPages.LoginPageTest"/>
  <testcase name="verifyPageTitleTest" time="0.006" classname="com.lma.testScriptsPages.LoginPageTest"/>
</testsuite> <!-- Flipkart App Test cases -->
