<?xml version="1.0" encoding="UTF-8"?>
<!-- Generated by org.testng.reporters.JUnitXMLReporter -->
<testsuite hostname="EXIMR-IM-737" name="Test" tests="3" failures="0" timestamp="8 Jul 2019 12:41:12 GMT" time="42.274" errors="0">
  <testcase name="logOutAppTest" time="8.514" classname="com.lma.testScriptsPages.LogOutPageTest"/>
  <testcase name="loginToAppTest" time="1.953" classname="com.lma.testScriptsPages.LoginPageTest"/>
  <testcase name="verifyPageTitleTest" time="0.006" classname="com.lma.testScriptsPages.LoginPageTest"/>
</testsuite> <!-- Test -->
